<?xml version="1.0" encoding="UTF-8"?>
<testsuite xmlns:xsi="http://www.w3.org/2001/XMLSchema-instance" xsi:noNamespaceSchemaLocation="https://maven.apache.org/surefire/maven-surefire-plugin/xsd/surefire-test-report-3.0.xsd" version="3.0" name="Cucumber.Options.TestRunner" time="26.4" tests="7" errors="0" skipped="0" failures="0">
  <properties>
    <property name="java.specification.version" value="21"/>
    <property name="sun.cpu.isalist" value="amd64"/>
    <property name="sun.jnu.encoding" value="Cp1252"/>
    <property name="java.class.path" value="C:\Users\bbdnet10211\eclipse-workspace\BOLAPIFramework\target\test-classes;C:\Users\bbdnet10211\eclipse-workspace\BOLAPIFramework\target\classes;C:\Users\bbdnet10211\.m2\repository\io\rest-assured\rest-assured\5.4.0\rest-assured-5.4.0.jar;C:\Users\bbdnet10211\.m2\repository\org\apache\groovy\groovy\4.0.16\groovy-4.0.16.jar;C:\Users\bbdnet10211\.m2\repository\org\apache\groovy\groovy-xml\4.0.16\groovy-xml-4.0.16.jar;C:\Users\bbdnet10211\.m2\repository\org\apache\httpcomponents\httpclient\4.5.13\httpclient-4.5.13.jar;C:\Users\bbdnet10211\.m2\repository\org\apache\httpcomponents\httpcore\4.4.13\httpcore-4.4.13.jar;C:\Users\bbdnet10211\.m2\repository\commons-logging\commons-logging\1.2\commons-logging-1.2.jar;C:\Users\bbdnet10211\.m2\repository\commons-codec\commons-codec\1.11\commons-codec-1.11.jar;C:\Users\bbdnet10211\.m2\repository\org\apache\httpcomponents\httpmime\4.5.13\httpmime-4.5.13.jar;C:\Users\bbdnet10211\.m2\repository\org\ccil\cowan\tagsoup\tagsoup\1.2.1\tagsoup-1.2.1.jar;C:\Users\bbdnet10211\.m2\repository\io\rest-assured\json-path\5.4.0\json-path-5.4.0.jar;C:\Users\bbdnet10211\.m2\repository\org\apache\groovy\groovy-json\4.0.16\groovy-json-4.0.16.jar;C:\Users\bbdnet10211\.m2\repository\io\rest-assured\rest-assured-common\5.4.0\rest-assured-common-5.4.0.jar;C:\Users\bbdnet10211\.m2\repository\io\rest-assured\xml-path\5.4.0\xml-path-5.4.0.jar;C:\Users\bbdnet10211\.m2\repository\org\apache\commons\commons-lang3\3.11\commons-lang3-3.11.jar;C:\Users\bbdnet10211\.m2\repository\io\cucumber\cucumber-java\7.17.0\cucumber-java-7.17.0.jar;C:\Users\bbdnet10211\.m2\repository\io\cucumber\cucumber-core\7.17.0\cucumber-core-7.17.0.jar;C:\Users\bbdnet10211\.m2\repository\io\cucumber\cucumber-gherkin\7.17.0\cucumber-gherkin-7.17.0.jar;C:\Users\bbdnet10211\.m2\repository\io\cucumber\cucumber-gherkin-messages\7.17.0\cucumber-gherkin-messages-7.17.0.jar;C:\Users\bbdnet10211\.m2\repository\io\cucumber\gherkin\28.0.0\gherkin-28.0.0.jar;C:\Users\bbdnet10211\.m2\repository\io\cucumber\messages\24.1.0\messages-24.1.0.jar;C:\Users\bbdnet10211\.m2\repository\io\cucumber\testng-xml-formatter\0.1.0\testng-xml-formatter-0.1.0.jar;C:\Users\bbdnet10211\.m2\repository\io\cucumber\query\12.1.2\query-12.1.2.jar;C:\Users\bbdnet10211\.m2\repository\io\cucumber\tag-expressions\6.1.0\tag-expressions-6.1.0.jar;C:\Users\bbdnet10211\.m2\repository\io\cucumber\cucumber-expressions\17.1.0\cucumber-expressions-17.1.0.jar;C:\Users\bbdnet10211\.m2\repository\io\cucumber\datatable\7.17.0\datatable-7.17.0.jar;C:\Users\bbdnet10211\.m2\repository\io\cucumber\cucumber-plugin\7.17.0\cucumber-plugin-7.17.0.jar;C:\Users\bbdnet10211\.m2\repository\io\cucumber\docstring\7.17.0\docstring-7.17.0.jar;C:\Users\bbdnet10211\.m2\repository\io\cucumber\html-formatter\21.3.1\html-formatter-21.3.1.jar;C:\Users\bbdnet10211\.m2\repository\io\cucumber\junit-xml-formatter\0.4.0\junit-xml-formatter-0.4.0.jar;C:\Users\bbdnet10211\.m2\repository\io\cucumber\ci-environment\10.0.1\ci-environment-10.0.1.jar;C:\Users\bbdnet10211\.m2\repository\org\apiguardian\apiguardian-api\1.1.2\apiguardian-api-1.1.2.jar;C:\Users\bbdnet10211\.m2\repository\io\cucumber\cucumber-junit\7.17.0\cucumber-junit-7.17.0.jar;C:\Users\bbdnet10211\.m2\repository\junit\junit\4.13.2\junit-4.13.2.jar;C:\Users\bbdnet10211\.m2\repository\org\hamcrest\hamcrest-core\1.3\hamcrest-core-1.3.jar;C:\Users\bbdnet10211\.m2\repository\com\fasterxml\jackson\core\jackson-databind\2.17.0\jackson-databind-2.17.0.jar;C:\Users\bbdnet10211\.m2\repository\com\fasterxml\jackson\core\jackson-annotations\2.17.0\jackson-annotations-2.17.0.jar;C:\Users\bbdnet10211\.m2\repository\com\fasterxml\jackson\core\jackson-core\2.17.0\jackson-core-2.17.0.jar;C:\Users\bbdnet10211\.m2\repository\net\bytebuddy\byte-buddy\1.14.9\byte-buddy-1.14.9.jar;C:\Users\bbdnet10211\.m2\repository\org\codehaus\groovy\groovy\3.0.21\groovy-3.0.21.jar;C:\Users\bbdnet10211\.m2\repository\org\hamcrest\hamcrest\2.2\hamcrest-2.2.jar;C:\Users\bbdnet10211\.m2\repository\com\github\scribejava\scribejava-apis\2.5.3\scribejava-apis-2.5.3.jar;C:\Users\bbdnet10211\.m2\repository\com\github\scribejava\scribejava-core\2.5.3\scribejava-core-2.5.3.jar;"/>
    <property name="java.vm.vendor" value="Oracle Corporation"/>
    <property name="sun.arch.data.model" value="64"/>
    <property name="user.variant" value=""/>
    <property name="java.vendor.url" value="https://java.oracle.com/"/>
    <property name="user.timezone" value="Asia/Calcutta"/>
    <property name="os.name" value="Windows 11"/>
    <property name="java.vm.specification.version" value="21"/>
    <property name="sun.java.launcher" value="SUN_STANDARD"/>
    <property name="user.country" value="IN"/>
    <property name="sun.boot.library.path" value="C:\Program Files\Java\jdk-21\bin"/>
    <property name="sun.java.command" value="C:\Users\bbdnet10211\AppData\Local\Temp\surefire5111021872994757000\surefirebooter-20240506154324424_3.jar C:\Users\bbdnet10211\AppData\Local\Temp\surefire5111021872994757000 2024-05-06T15-43-24_331-jvmRun1 surefire-20240506154324424_1tmp surefire_0-20240506154324424_2tmp"/>
    <property name="jdk.debug" value="release"/>
    <property name="surefire.test.class.path" value="C:\Users\bbdnet10211\eclipse-workspace\BOLAPIFramework\target\test-classes;C:\Users\bbdnet10211\eclipse-workspace\BOLAPIFramework\target\classes;C:\Users\bbdnet10211\.m2\repository\io\rest-assured\rest-assured\5.4.0\rest-assured-5.4.0.jar;C:\Users\bbdnet10211\.m2\repository\org\apache\groovy\groovy\4.0.16\groovy-4.0.16.jar;C:\Users\bbdnet10211\.m2\repository\org\apache\groovy\groovy-xml\4.0.16\groovy-xml-4.0.16.jar;C:\Users\bbdnet10211\.m2\repository\org\apache\httpcomponents\httpclient\4.5.13\httpclient-4.5.13.jar;C:\Users\bbdnet10211\.m2\repository\org\apache\httpcomponents\httpcore\4.4.13\httpcore-4.4.13.jar;C:\Users\bbdnet10211\.m2\repository\commons-logging\commons-logging\1.2\commons-logging-1.2.jar;C:\Users\bbdnet10211\.m2\repository\commons-codec\commons-codec\1.11\commons-codec-1.11.jar;C:\Users\bbdnet10211\.m2\repository\org\apache\httpcomponents\httpmime\4.5.13\httpmime-4.5.13.jar;C:\Users\bbdnet10211\.m2\repository\org\ccil\cowan\tagsoup\tagsoup\1.2.1\tagsoup-1.2.1.jar;C:\Users\bbdnet10211\.m2\repository\io\rest-assured\json-path\5.4.0\json-path-5.4.0.jar;C:\Users\bbdnet10211\.m2\repository\org\apache\groovy\groovy-json\4.0.16\groovy-json-4.0.16.jar;C:\Users\bbdnet10211\.m2\repository\io\rest-assured\rest-assured-common\5.4.0\rest-assured-common-5.4.0.jar;C:\Users\bbdnet10211\.m2\repository\io\rest-assured\xml-path\5.4.0\xml-path-5.4.0.jar;C:\Users\bbdnet10211\.m2\repository\org\apache\commons\commons-lang3\3.11\commons-lang3-3.11.jar;C:\Users\bbdnet10211\.m2\repository\io\cucumber\cucumber-java\7.17.0\cucumber-java-7.17.0.jar;C:\Users\bbdnet10211\.m2\repository\io\cucumber\cucumber-core\7.17.0\cucumber-core-7.17.0.jar;C:\Users\bbdnet10211\.m2\repository\io\cucumber\cucumber-gherkin\7.17.0\cucumber-gherkin-7.17.0.jar;C:\Users\bbdnet10211\.m2\repository\io\cucumber\cucumber-gherkin-messages\7.17.0\cucumber-gherkin-messages-7.17.0.jar;C:\Users\bbdnet10211\.m2\repository\io\cucumber\gherkin\28.0.0\gherkin-28.0.0.jar;C:\Users\bbdnet10211\.m2\repository\io\cucumber\messages\24.1.0\messages-24.1.0.jar;C:\Users\bbdnet10211\.m2\repository\io\cucumber\testng-xml-formatter\0.1.0\testng-xml-formatter-0.1.0.jar;C:\Users\bbdnet10211\.m2\repository\io\cucumber\query\12.1.2\query-12.1.2.jar;C:\Users\bbdnet10211\.m2\repository\io\cucumber\tag-expressions\6.1.0\tag-expressions-6.1.0.jar;C:\Users\bbdnet10211\.m2\repository\io\cucumber\cucumber-expressions\17.1.0\cucumber-expressions-17.1.0.jar;C:\Users\bbdnet10211\.m2\repository\io\cucumber\datatable\7.17.0\datatable-7.17.0.jar;C:\Users\bbdnet10211\.m2\repository\io\cucumber\cucumber-plugin\7.17.0\cucumber-plugin-7.17.0.jar;C:\Users\bbdnet10211\.m2\repository\io\cucumber\docstring\7.17.0\docstring-7.17.0.jar;C:\Users\bbdnet10211\.m2\repository\io\cucumber\html-formatter\21.3.1\html-formatter-21.3.1.jar;C:\Users\bbdnet10211\.m2\repository\io\cucumber\junit-xml-formatter\0.4.0\junit-xml-formatter-0.4.0.jar;C:\Users\bbdnet10211\.m2\repository\io\cucumber\ci-environment\10.0.1\ci-environment-10.0.1.jar;C:\Users\bbdnet10211\.m2\repository\org\apiguardian\apiguardian-api\1.1.2\apiguardian-api-1.1.2.jar;C:\Users\bbdnet10211\.m2\repository\io\cucumber\cucumber-junit\7.17.0\cucumber-junit-7.17.0.jar;C:\Users\bbdnet10211\.m2\repository\junit\junit\4.13.2\junit-4.13.2.jar;C:\Users\bbdnet10211\.m2\repository\org\hamcrest\hamcrest-core\1.3\hamcrest-core-1.3.jar;C:\Users\bbdnet10211\.m2\repository\com\fasterxml\jackson\core\jackson-databind\2.17.0\jackson-databind-2.17.0.jar;C:\Users\bbdnet10211\.m2\repository\com\fasterxml\jackson\core\jackson-annotations\2.17.0\jackson-annotations-2.17.0.jar;C:\Users\bbdnet10211\.m2\repository\com\fasterxml\jackson\core\jackson-core\2.17.0\jackson-core-2.17.0.jar;C:\Users\bbdnet10211\.m2\repository\net\bytebuddy\byte-buddy\1.14.9\byte-buddy-1.14.9.jar;C:\Users\bbdnet10211\.m2\repository\org\codehaus\groovy\groovy\3.0.21\groovy-3.0.21.jar;C:\Users\bbdnet10211\.m2\repository\org\hamcrest\hamcrest\2.2\hamcrest-2.2.jar;C:\Users\bbdnet10211\.m2\repository\com\github\scribejava\scribejava-apis\2.5.3\scribejava-apis-2.5.3.jar;C:\Users\bbdnet10211\.m2\repository\com\github\scribejava\scribejava-core\2.5.3\scribejava-core-2.5.3.jar;"/>
    <property name="sun.cpu.endian" value="little"/>
    <property name="user.home" value="C:\Users\bbdnet10211"/>
    <property name="user.language" value="en"/>
    <property name="java.specification.vendor" value="Oracle Corporation"/>
    <property name="java.version.date" value="2024-01-16"/>
    <property name="java.home" value="C:\Program Files\Java\jdk-21"/>
    <property name="file.separator" value="\"/>
    <property name="basedir" value="C:\Users\bbdnet10211\eclipse-workspace\BOLAPIFramework"/>
    <property name="java.vm.compressedOopsMode" value="Zero based"/>
    <property name="line.separator" value="&#10;"/>
    <property name="java.vm.specification.vendor" value="Oracle Corporation"/>
    <property name="java.specification.name" value="Java Platform API Specification"/>
    <property name="surefire.real.class.path" value="C:\Users\bbdnet10211\AppData\Local\Temp\surefire5111021872994757000\surefirebooter-20240506154324424_3.jar"/>
    <property name="user.script" value=""/>
    <property name="sun.management.compiler" value="HotSpot 64-Bit Tiered Compilers"/>
    <property name="java.runtime.version" value="21.0.2+13-LTS-58"/>
    <property name="user.name" value="bbdnet10211"/>
    <property name="stdout.encoding" value="Cp1252"/>
    <property name="path.separator" value=";"/>
    <property name="os.version" value="10.0"/>
    <property name="java.runtime.name" value="Java(TM) SE Runtime Environment"/>
    <property name="file.encoding" value="UTF-8"/>
    <property name="java.vm.name" value="Java HotSpot(TM) 64-Bit Server VM"/>
    <property name="localRepository" value="C:\Users\bbdnet10211\.m2\repository"/>
    <property name="java.vendor.url.bug" value="https://bugreport.java.com/bugreport/"/>
    <property name="java.io.tmpdir" value="C:\Users\BBDNET~1\AppData\Local\Temp\"/>
    <property name="java.version" value="21.0.2"/>
    <property name="user.dir" value="C:\Users\bbdnet10211\eclipse-workspace\BOLAPIFramework"/>
    <property name="os.arch" value="amd64"/>
    <property name="java.vm.specification.name" value="Java Virtual Machine Specification"/>
    <property name="sun.os.patch.level" value=""/>
    <property name="native.encoding" value="Cp1252"/>
    <property name="java.library.path" value="C:\Program Files\Java\jdk-21\bin;C:\Windows\Sun\Java\bin;C:\Windows\system32;C:\Windows;C:\Program Files\Common Files\Oracle\Java\javapath;C:\Windows\system32;C:\Windows;C:\Windows\System32\Wbem;C:\Windows\System32\WindowsPowerShell\v1.0\;C:\Windows\System32\OpenSSH\;C:\Program Files\Java\jdk-21\bin;C:\Program Files\Git\cmd;C:\Users\bbdnet10211\Downloads\apache-maven-3.9.6-bin\apache-maven-3.9.6\bin;C:\Users\bbdnet10211\AppData\Local\Microsoft\WindowsApps;;."/>
    <property name="java.vm.info" value="mixed mode, sharing"/>
    <property name="stderr.encoding" value="Cp1252"/>
    <property name="java.vendor" value="Oracle Corporation"/>
    <property name="java.vm.version" value="21.0.2+13-LTS-58"/>
    <property name="sun.io.unicode.encoding" value="UnicodeLittle"/>
    <property name="java.class.version" value="65.0"/>
  </properties>
  <testcase name="Verify that Mandate Interchange are successfully created using Create Mandate Intercahnege API" classname="Validating Mandate Interchange API" time="7.827">
    <system-out><![CDATA[accessToken = eyJhbGciOiJSUzI1NiIsImtpZCI6ImRpZC0xIiwicGkuYXRtIjoieHkwaCJ9.eyJzY3AiOltdLCJhdXRob3JpemF0aW9uX2RldGFpbHMiOltdLCJjbGllbnRfaWQiOiIwYzdiNzA4Yi1kMTE1LTQ5NTUtODY4Zi1hZjM0ZGQwMTAxMmYiLCJpc3MiOiJodHRwczovL2VudGVycHJpc2VzdHNzaXQuc3RhbmRhcmRiYW5rLmNvLnphIiwianRpIjoiR3dQOGp5ZWw2Wm1nYmxDTXNTM1BRMSIsInN1YiI6IjBjN2I3MDhiLWQxMTUtNDk1NS04NjhmLWFmMzRkZDAxMDEyZiIsIm5iZiI6MTcxNDk5MDM2MCwiaWQiOiIwYzdiNzA4Yi1kMTE1LTQ5NTUtODY4Zi1hZjM0ZGQwMTAxMmYiLCJpYXQiOjE3MTQ5OTAzNjAsImV4cCI6MTcxNDk5Mzk2MH0.NMxixkNLkr9JV7izCQDW9iGLe52EIaQzd_5qXF_kJ1nmt0zuNG876EyjNPbp-gV3LyWHakK4yECdn8rzBa1QB17d-Bg0iTOuiF19mI_Uq5kn-FgTLJAOplNqW2DZBEMXuVuFo44eh_syUi9KiCdBsLOLApohd5yHa4AxYIt0t0fJ_udgrynvMy7G2xCws6v7hfDR2byf1X9HrgVNXMcxyBaZrAwgpyayMy8obUYLrbudr8c_gcPGfzX1N7UdQTh7xpbk2msqL87M_58qN91ExARmYi1MLucLLCiktu8LgQ53iuRSG_lgU5VsHj8rmWOGUxQnA8YoeOzekE76sY147Q


]]></system-out>
  </testcase>
  <testcase name="Verify that user can retrieve the Mandate Interchange using mandateInterchangeKey" classname="Validating Mandate Interchange API" time="3.164"/>
  <testcase name="Verify that user can retrieve the Mandate Interchange with query parameters" classname="Validating Mandate Interchange API" time="3.142"/>
  <testcase name="Verify that Mandate Interchange is successfully updated using PUT request to updateMandateInterchangeAPI" classname="Validating Mandate Interchange API" time="2.65"/>
  <testcase name="Verify that 404 statuscode is displayed on GET request for getMandateInterchangeWithQueryParamsAPI when no data found" classname="Validating Mandate Interchange API" time="3.295"/>
  <testcase name="Verify that 404 statuscode is displayed on GET request for getMandateInterchangeWithKeyAPI when no data found" classname="Validating Mandate Interchange API" time="2.837"/>
  <testcase name="Verify that GET request to getMandateInterchangeWithQueryParamsAPI with incorrect query params returns 500 statuscode" classname="Validating Mandate Interchange API" time="3.025"/>
</testsuite>