<?xml version="1.0" encoding="UTF-8"?>
<!-- Generated by org.testng.reporters.JUnitReportReporter -->
<testsuite hostname="PINKYK" failures="0" tests="3" name="ParameterisewithMultipleDataSet" time="2.412" errors="0" timestamp="2024-04-04T12:07:34 IST" skipped="0">
  <testcase classname="ParameterisewithMultipleDataSet" name="addBook" time="0.268"/>
  <testcase classname="ParameterisewithMultipleDataSet" name="addBook" time="1.883"/>
  <testcase classname="ParameterisewithMultipleDataSet" name="addBook" time="0.261"/>
</testsuite> <!-- ParameterisewithMultipleDataSet -->
