<?xml version="1.0" encoding="UTF-8"?>
<!-- Generated by org.testng.reporters.JUnitReportReporter -->
<testsuite hostname="PINKYK" failures="0" tests="1" name="JiraSessionFilterDemo" time="5.827" errors="0" timestamp="2024-04-08T09:41:05 IST" skipped="0">
  <testcase classname="JiraSessionFilterDemo" name="sessionFilterDemo" time="5.827"/>
</testsuite> <!-- JiraSessionFilterDemo -->
