<?xml version="1.0" encoding="UTF-8"?>
<!-- Generated by org.testng.reporters.JUnitReportReporter -->
<testsuite hostname="PINKYK" failures="0" tests="1" name="SendingdatafromExternalFile" time="4.330" errors="0" timestamp="2024-04-04T19:36:13 IST" skipped="0">
  <testcase classname="SendingdatafromExternalFile" name="mapAPI" time="4.330"/>
</testsuite> <!-- SendingdatafromExternalFile -->
