<?xml version="1.0" encoding="UTF-8"?>
<!-- Generated by org.testng.reporters.JUnitReportReporter -->
<testsuite hostname="PINKYK" failures="0" tests="2" name="ControldatafromTC" time="1.801" errors="0" timestamp="2024-04-02T17:59:37 IST" skipped="0">
  <testcase classname="ControldatafromTC" name="addBookSendDatafromTC" time="0.134"/>
  <testcase classname="ControldatafromTC" name="addBook" time="1.667"/>
</testsuite> <!-- ControldatafromTC -->
