<?xml version="1.0" encoding="UTF-8"?>
<!-- Generated by org.testng.reporters.JUnitReportReporter -->
<testsuite hostname="PINKYK" failures="0" tests="3" name="ParameterisewithMultipleDataSet" time="1.836" errors="0" timestamp="2024-04-02T18:00:20 IST" skipped="0">
  <testcase classname="ParameterisewithMultipleDataSet" name="addBook" time="1.607"/>
  <testcase classname="ParameterisewithMultipleDataSet" name="addBook" time="0.106"/>
  <testcase classname="ParameterisewithMultipleDataSet" name="addBook" time="0.123"/>
</testsuite> <!-- ParameterisewithMultipleDataSet -->
