<?xml version="1.0" encoding="UTF-8"?>
<!-- Generated by org.testng.reporters.JUnitReportReporter -->
<testsuite hostname="PINKYK" failures="0" tests="1" name="DemoOAuth" time="1.928" errors="0" timestamp="2024-04-08T15:05:56 IST" skipped="0">
  <testcase classname="DemoOAuth" name="demoOAuth" time="1.928"/>
</testsuite> <!-- DemoOAuth -->
